Arguments: 
  /usr/local/Cellar/node/7.7.1/bin/node /usr/local/bin/yarn add friendly-typed-css-modules

PATH: 
  /usr/local/bin:/usr/bin:/bin:/usr/sbin:/sbin:/opt/X11/bin

Yarn version: 
  0.21.3

Node version: 
  7.7.1

Platform: 
  darwin x64

npm manifest: 
  {
    "name": "ftcm-loader",
    "version": "1.1.11",
    "description": "webpack loader leveraging friendly-typed-css-modules",
    "main": "index.js",
    "author": "themallen",
    "license": "MIT",
    "dependencies": {}
  }

yarn manifest: 
  No manifest

Lockfile: 
  # THIS IS AN AUTOGENERATED FILE. DO NOT EDIT THIS FILE DIRECTLY.
  # yarn lockfile v1

Trace: 
  Error: https://registry.yarnpkg.com/friendly-typed-css-modules/-/friendly-typed-css-modules-0.3.0.tgz: invalid tar file
      at Extract.Parse._startEntry (/usr/local/Cellar/yarn/0.21.3/libexec/lib/node_modules/yarn/node_modules/tar/lib/parse.js:149:13)
      at Extract.Parse._process (/usr/local/Cellar/yarn/0.21.3/libexec/lib/node_modules/yarn/node_modules/tar/lib/parse.js:131:12)
      at BlockStream.<anonymous> (/usr/local/Cellar/yarn/0.21.3/libexec/lib/node_modules/yarn/node_modules/tar/lib/parse.js:47:8)
      at emitOne (events.js:96:13)
      at BlockStream.emit (events.js:191:7)
      at BlockStream._emitChunk (/usr/local/Cellar/yarn/0.21.3/libexec/lib/node_modules/yarn/node_modules/block-stream/block-stream.js:145:10)
      at BlockStream.resume (/usr/local/Cellar/yarn/0.21.3/libexec/lib/node_modules/yarn/node_modules/block-stream/block-stream.js:58:15)
      at Extract.Reader.resume (/usr/local/Cellar/yarn/0.21.3/libexec/lib/node_modules/yarn/node_modules/fstream/lib/reader.js:249:34)
      at Entry.<anonymous> (/usr/local/Cellar/yarn/0.21.3/libexec/lib/node_modules/yarn/node_modules/tar/lib/parse.js:261:8)
      at emitNone (events.js:86:13)
